[12:29:51] [Server thread/INFO]: Starting minecraft server version 1.15
[12:29:51] [Server thread/INFO]: Loading properties
[12:29:52] [Server thread/INFO]: This server is running Paper version git-Paper-3 (MC: 1.15) (Implementing API version 1.15-R0.1-SNAPSHOT)
[12:29:52] [Server thread/INFO]: Debug logging is disabled
[12:29:52] [Server thread/INFO]: Server Ping Player Sample Count: 12
[12:29:52] [Server thread/INFO]: Using 4 threads for Netty based IO
[12:29:52] [Server thread/INFO]: Default game type: SURVIVAL
[12:29:52] [Server thread/INFO]: Generating keypair
[12:29:52] [Server thread/INFO]: Starting Minecraft server on *:25565
[12:29:52] [Server thread/INFO]: Using default channel type
[12:29:57] [Server thread/INFO]: [ProtocolLib] Loading ProtocolLib v4.5.0-SNAPSHOT
[12:29:57] [Server thread/WARN]: [ProtocolLib] Version (MC: 1.15.0) has not yet been tested! Proceed with caution.
[12:29:58] [Server thread/INFO]: [Racing] Loading Racing v1.24.0
[12:29:58] [Server thread/INFO]: Server permissions file permissions.yml is empty, ignoring it
[12:29:58] [Server thread/INFO]: [ProtocolLib] Enabling ProtocolLib v4.5.0-SNAPSHOT
[12:29:58] [Server thread/INFO]: [ProtocolLib] Started structure compiler thread.
[12:29:58] [Server thread/INFO]: Preparing level "world"
[12:29:58] [Server thread/INFO]: Reloading ResourceManager: Default, bukkit
[12:29:58] [Server thread/INFO]: Loaded 6 recipes
[12:29:59] [Server thread/INFO]: -------- World Settings For [world] --------
[12:29:59] [Server thread/INFO]: View Distance: 10
[12:29:59] [Server thread/INFO]: Item Merge Radius: 2.5
[12:29:59] [Server thread/INFO]: Item Despawn Rate: 6000
[12:29:59] [Server thread/INFO]: Allow Zombie Pigmen to spawn from portal blocks: true
[12:29:59] [Server thread/INFO]: Arrow Despawn Rate: 1200
[12:29:59] [Server thread/INFO]: Entity Tracking Range: Pl 48 / An 48 / Mo 48 / Mi 32 / Other 64
[12:29:59] [Server thread/INFO]: Cactus Growth Modifier: 100%
[12:29:59] [Server thread/INFO]: Cane Growth Modifier: 100%
[12:29:59] [Server thread/INFO]: Melon Growth Modifier: 100%
[12:29:59] [Server thread/INFO]: Mushroom Growth Modifier: 100%
[12:29:59] [Server thread/INFO]: Pumpkin Growth Modifier: 100%
[12:29:59] [Server thread/INFO]: Sapling Growth Modifier: 100%
[12:29:59] [Server thread/INFO]: Beetroot Growth Modifier: 100%
[12:29:59] [Server thread/INFO]: Carrot Growth Modifier: 100%
[12:29:59] [Server thread/INFO]: Potato Growth Modifier: 100%
[12:29:59] [Server thread/INFO]: Wheat Growth Modifier: 100%
[12:29:59] [Server thread/INFO]: NetherWart Growth Modifier: 100%
[12:29:59] [Server thread/INFO]: Vine Growth Modifier: 100%
[12:29:59] [Server thread/INFO]: Cocoa Growth Modifier: 100%
[12:29:59] [Server thread/INFO]: Bamboo Growth Modifier: 100%
[12:29:59] [Server thread/INFO]: SweetBerry Growth Modifier: 100%
[12:29:59] [Server thread/INFO]: Kelp Growth Modifier: 100%
[12:29:59] [Server thread/INFO]: Mob Spawn Range: 8
[12:29:59] [Server thread/INFO]: Hopper Transfer: 8 Hopper Check: 1 Hopper Amount: 1
[12:29:59] [Server thread/INFO]: Experience Merge Radius: 3.0
[12:29:59] [Server thread/INFO]: Entity Activation Range: An 32 / Mo 32 / Ra 48 / Mi 16 / Tiv true
[12:29:59] [Server thread/INFO]: Tile Max Tick Time: 50ms Entity max Tick Time: 50ms
[12:29:59] [Server thread/INFO]: Max TNT Explosions: 100
[12:29:59] [Server thread/INFO]: Nerfing mobs spawned from spawners: false
[12:29:59] [Server thread/INFO]: Custom Map Seeds:  Village: 10387312 Desert: 14357617 Igloo: 14357618 Jungle: 14357619 Swamp: 14357620 Monument: 10387313Ocean: 14357621 Shipwreck: 165745295 Slime: 987234911
[12:29:59] [Server thread/INFO]: Zombie Aggressive Towards Villager: true
[12:29:59] [Server thread/INFO]: -------- World Settings For [world_nether] --------
[12:29:59] [Server thread/INFO]: View Distance: 10
[12:29:59] [Server thread/INFO]: Item Merge Radius: 2.5
[12:29:59] [Server thread/INFO]: Item Despawn Rate: 6000
[12:29:59] [Server thread/INFO]: Allow Zombie Pigmen to spawn from portal blocks: true
[12:29:59] [Server thread/INFO]: Arrow Despawn Rate: 1200
[12:29:59] [Server thread/INFO]: Entity Tracking Range: Pl 48 / An 48 / Mo 48 / Mi 32 / Other 64
[12:29:59] [Server thread/INFO]: Cactus Growth Modifier: 100%
[12:29:59] [Server thread/INFO]: Cane Growth Modifier: 100%
[12:29:59] [Server thread/INFO]: Melon Growth Modifier: 100%
[12:29:59] [Server thread/INFO]: Mushroom Growth Modifier: 100%
[12:29:59] [Server thread/INFO]: Pumpkin Growth Modifier: 100%
[12:29:59] [Server thread/INFO]: Sapling Growth Modifier: 100%
[12:29:59] [Server thread/INFO]: Beetroot Growth Modifier: 100%
[12:29:59] [Server thread/INFO]: Carrot Growth Modifier: 100%
[12:29:59] [Server thread/INFO]: Potato Growth Modifier: 100%
[12:29:59] [Server thread/INFO]: Wheat Growth Modifier: 100%
[12:29:59] [Server thread/INFO]: NetherWart Growth Modifier: 100%
[12:29:59] [Server thread/INFO]: Vine Growth Modifier: 100%
[12:29:59] [Server thread/INFO]: Cocoa Growth Modifier: 100%
[12:29:59] [Server thread/INFO]: Bamboo Growth Modifier: 100%
[12:29:59] [Server thread/INFO]: SweetBerry Growth Modifier: 100%
[12:29:59] [Server thread/INFO]: Kelp Growth Modifier: 100%
[12:29:59] [Server thread/INFO]: Mob Spawn Range: 8
[12:29:59] [Server thread/INFO]: Hopper Transfer: 8 Hopper Check: 1 Hopper Amount: 1
[12:29:59] [Server thread/INFO]: Experience Merge Radius: 3.0
[12:29:59] [Server thread/INFO]: Entity Activation Range: An 32 / Mo 32 / Ra 48 / Mi 16 / Tiv true
[12:29:59] [Server thread/INFO]: Tile Max Tick Time: 50ms Entity max Tick Time: 50ms
[12:29:59] [Server thread/INFO]: Max TNT Explosions: 100
[12:29:59] [Server thread/INFO]: Nerfing mobs spawned from spawners: false
[12:29:59] [Server thread/INFO]: Custom Map Seeds:  Village: 10387312 Desert: 14357617 Igloo: 14357618 Jungle: 14357619 Swamp: 14357620 Monument: 10387313Ocean: 14357621 Shipwreck: 165745295 Slime: 987234911
[12:29:59] [Server thread/INFO]: Zombie Aggressive Towards Villager: true
[12:29:59] [Server thread/INFO]: -------- World Settings For [world_the_end] --------
[12:29:59] [Server thread/INFO]: View Distance: 10
[12:29:59] [Server thread/INFO]: Item Merge Radius: 2.5
[12:29:59] [Server thread/INFO]: Item Despawn Rate: 6000
[12:29:59] [Server thread/INFO]: Allow Zombie Pigmen to spawn from portal blocks: true
[12:29:59] [Server thread/INFO]: Arrow Despawn Rate: 1200
[12:29:59] [Server thread/INFO]: Entity Tracking Range: Pl 48 / An 48 / Mo 48 / Mi 32 / Other 64
[12:29:59] [Server thread/INFO]: Cactus Growth Modifier: 100%
[12:29:59] [Server thread/INFO]: Cane Growth Modifier: 100%
[12:29:59] [Server thread/INFO]: Melon Growth Modifier: 100%
[12:29:59] [Server thread/INFO]: Mushroom Growth Modifier: 100%
[12:29:59] [Server thread/INFO]: Pumpkin Growth Modifier: 100%
[12:29:59] [Server thread/INFO]: Sapling Growth Modifier: 100%
[12:29:59] [Server thread/INFO]: Beetroot Growth Modifier: 100%
[12:29:59] [Server thread/INFO]: Carrot Growth Modifier: 100%
[12:29:59] [Server thread/INFO]: Potato Growth Modifier: 100%
[12:29:59] [Server thread/INFO]: Wheat Growth Modifier: 100%
[12:29:59] [Server thread/INFO]: NetherWart Growth Modifier: 100%
[12:29:59] [Server thread/INFO]: Vine Growth Modifier: 100%
[12:29:59] [Server thread/INFO]: Cocoa Growth Modifier: 100%
[12:29:59] [Server thread/INFO]: Bamboo Growth Modifier: 100%
[12:29:59] [Server thread/INFO]: SweetBerry Growth Modifier: 100%
[12:29:59] [Server thread/INFO]: Kelp Growth Modifier: 100%
[12:29:59] [Server thread/INFO]: Mob Spawn Range: 8
[12:29:59] [Server thread/INFO]: Hopper Transfer: 8 Hopper Check: 1 Hopper Amount: 1
[12:29:59] [Server thread/INFO]: Experience Merge Radius: 3.0
[12:29:59] [Server thread/INFO]: Entity Activation Range: An 32 / Mo 32 / Ra 48 / Mi 16 / Tiv true
[12:29:59] [Server thread/INFO]: Tile Max Tick Time: 50ms Entity max Tick Time: 50ms
[12:29:59] [Server thread/INFO]: Max TNT Explosions: 100
[12:29:59] [Server thread/INFO]: Nerfing mobs spawned from spawners: false
[12:29:59] [Server thread/INFO]: Custom Map Seeds:  Village: 10387312 Desert: 14357617 Igloo: 14357618 Jungle: 14357619 Swamp: 14357620 Monument: 10387313Ocean: 14357621 Shipwreck: 165745295 Slime: 987234911
[12:29:59] [Server thread/INFO]: Zombie Aggressive Towards Villager: true
[12:29:59] [Server thread/INFO]: Preparing start region for dimension 'world'/minecraft:overworld
[12:29:59] [Server thread/INFO]: Preparing spawn area: 0%
[12:30:00] [Server thread/INFO]: Preparing spawn area: 0%
[12:30:00] [Server thread/INFO]: Preparing spawn area: 58%
[12:30:02] [Server-Worker-6/INFO]: Preparing spawn area: 100%
[12:30:02] [Server-Worker-5/INFO]: Preparing spawn area: 100%
[12:30:02] [Server-Worker-6/INFO]: Preparing spawn area: 100%
[12:30:02] [Server-Worker-3/INFO]: Preparing spawn area: 100%
[12:30:03] [Server thread/INFO]: Preparing spawn area: 100%
[12:30:03] [Server thread/INFO]: Loaded 441 spawn chunks for world world
[12:30:03] [Server thread/INFO]: Time elapsed: 3773 ms
[12:30:03] [Server thread/INFO]: Preparing start region for dimension 'world_nether'/minecraft:the_nether
[12:30:03] [Server thread/INFO]: Preparing spawn area: 0%
[12:30:03] [Server-Worker-5/INFO]: Preparing spawn area: 100%
[12:30:04] [Server-Worker-2/INFO]: Preparing spawn area: 100%
[12:30:04] [Server-Worker-5/INFO]: Preparing spawn area: 100%
[12:30:05] [Server-Worker-4/INFO]: Preparing spawn area: 100%
[12:30:05] [Server thread/INFO]: Loaded 441 spawn chunks for world world_nether
[12:30:05] [Server thread/INFO]: Time elapsed: 2138 ms
[12:30:05] [Server thread/INFO]: Preparing start region for dimension 'world_the_end'/minecraft:the_end
[12:30:05] [Server thread/INFO]: Preparing spawn area: 0%
[12:30:05] [Server-Worker-1/INFO]: Preparing spawn area: 100%
[12:30:06] [Server-Worker-2/INFO]: Preparing spawn area: 100%
[12:30:06] [Server thread/INFO]: Loaded 441 spawn chunks for world world_the_end
[12:30:06] [Server thread/INFO]: Time elapsed: 1028 ms
[12:30:06] [Server thread/INFO]: [Racing] Enabling Racing v1.24.0
[12:30:06] [Server thread/INFO]: [org.reflections.Reflections] Reflections took 94 ms to scan 16 urls, producing 37335 keys and 40014 values 
[12:30:06] [Server thread/INFO]: [Racing] Found existing translation file in english.yml.
[12:30:06] [Server thread/INFO]: [Racing] Found existing translation file in simplified_chinese.yml.
[12:30:06] [Server thread/INFO]: [Racing] Found existing translation file in swedish.yml.
[12:30:06] [Server thread/INFO]: Done (8.659s)! For help, type "help"
[12:30:06] [Server thread/INFO]: Timings Reset
